2023-12-04 12:03:26 INFO  - Starting PharmacyInventorySystemApplication using Java 17.0.1 with PID 20800 (C:\Users\261762\Desktop\PharmacyManagementSystem\PharmacyInventorySystem\target\classes started by 261762 in C:\Users\261762\Desktop\PharmacyManagementSystem\PharmacyInventorySystem)
2023-12-04 12:03:26 INFO  - No active profile set, falling back to 1 default profile: "default"
2023-12-04 12:03:26 INFO  - Bootstrapping Spring Data JPA repositories in DEFAULT mode.
2023-12-04 12:03:27 INFO  - Finished Spring Data repository scanning in 44 ms. Found 1 JPA repository interface.
2023-12-04 12:03:27 INFO  - Tomcat initialized with port 1808 (http)
2023-12-04 12:03:27 INFO  - An older version [1.2.39] of the Apache Tomcat Native library is installed, while Tomcat recommends a minimum version of [2.0.5]
2023-12-04 12:03:27 INFO  - Loaded Apache Tomcat Native library [1.2.39] using APR version [1.7.4].
2023-12-04 12:03:27 INFO  - OpenSSL successfully initialized [OpenSSL 3.0.11 19 Sep 2023]
2023-12-04 12:03:27 INFO  - Starting service [Tomcat]
2023-12-04 12:03:27 INFO  - Starting Servlet engine: [Apache Tomcat/10.1.16]
2023-12-04 12:03:27 INFO  - Initializing Spring embedded WebApplicationContext
2023-12-04 12:03:27 INFO  - Root WebApplicationContext: initialization completed in 1817 ms
2023-12-04 12:03:28 INFO  - HHH000204: Processing PersistenceUnitInfo [name: default]
2023-12-04 12:03:28 INFO  - HHH000412: Hibernate ORM core version 6.3.1.Final
2023-12-04 12:03:28 INFO  - HHH000026: Second-level cache disabled
2023-12-04 12:03:28 INFO  - No LoadTimeWeaver setup: ignoring JPA class transformer
2023-12-04 12:03:28 INFO  - HikariPool-1 - Starting...
2023-12-04 12:03:28 INFO  - HikariPool-1 - Added connection com.mysql.cj.jdbc.ConnectionImpl@745926c3
2023-12-04 12:03:28 INFO  - HikariPool-1 - Start completed.
2023-12-04 12:03:29 INFO  - HHH000489: No JTA platform available (set 'hibernate.transaction.jta.platform' to enable JTA platform integration)
2023-12-04 12:03:29 INFO  - Initialized JPA EntityManagerFactory for persistence unit 'default'
2023-12-04 12:03:30 WARN  - spring.jpa.open-in-view is enabled by default. Therefore, database queries may be performed during view rendering. Explicitly configure spring.jpa.open-in-view to disable this warning
2023-12-04 12:03:31 INFO  - Tomcat started on port 1808 (http) with context path ''
2023-12-04 12:03:31 INFO  - Started PharmacyInventorySystemApplication in 5.492 seconds (process running for 5.967)
2023-12-04 12:03:52 INFO  - Initializing Spring DispatcherServlet 'dispatcherServlet'
2023-12-04 12:03:52 INFO  - Initializing Servlet 'dispatcherServlet'
2023-12-04 12:03:52 INFO  - Completed initialization in 1 ms
2023-12-04 12:03:53 INFO  - Init duration for springdoc-openapi is: 221 ms
2023-12-04 12:04:50 INFO  - Closing JPA EntityManagerFactory for persistence unit 'default'
2023-12-04 12:04:50 INFO  - HikariPool-1 - Shutdown initiated...
2023-12-04 12:04:50 INFO  - HikariPool-1 - Shutdown completed.
2023-12-04 12:04:56 INFO  - Starting PharmacyInventorySystemApplication using Java 17.0.1 with PID 21624 (C:\Users\261762\Desktop\PharmacyManagementSystem\PharmacyInventorySystem\target\classes started by 261762 in C:\Users\261762\Desktop\PharmacyManagementSystem\PharmacyInventorySystem)
2023-12-04 12:04:56 INFO  - No active profile set, falling back to 1 default profile: "default"
2023-12-04 12:04:57 INFO  - Bootstrapping Spring Data JPA repositories in DEFAULT mode.
2023-12-04 12:04:57 INFO  - Finished Spring Data repository scanning in 52 ms. Found 1 JPA repository interface.
2023-12-04 12:04:58 INFO  - Tomcat initialized with port 1808 (http)
2023-12-04 12:04:58 INFO  - An older version [1.2.39] of the Apache Tomcat Native library is installed, while Tomcat recommends a minimum version of [2.0.5]
2023-12-04 12:04:58 INFO  - Loaded Apache Tomcat Native library [1.2.39] using APR version [1.7.4].
2023-12-04 12:04:58 INFO  - OpenSSL successfully initialized [OpenSSL 3.0.11 19 Sep 2023]
2023-12-04 12:04:58 INFO  - Starting service [Tomcat]
2023-12-04 12:04:58 INFO  - Starting Servlet engine: [Apache Tomcat/10.1.16]
2023-12-04 12:04:58 INFO  - Initializing Spring embedded WebApplicationContext
2023-12-04 12:04:58 INFO  - Root WebApplicationContext: initialization completed in 1519 ms
2023-12-04 12:04:58 INFO  - HHH000204: Processing PersistenceUnitInfo [name: default]
2023-12-04 12:04:58 INFO  - HHH000412: Hibernate ORM core version 6.3.1.Final
2023-12-04 12:04:58 INFO  - HHH000026: Second-level cache disabled
2023-12-04 12:04:58 INFO  - No LoadTimeWeaver setup: ignoring JPA class transformer
2023-12-04 12:04:58 INFO  - HikariPool-1 - Starting...
2023-12-04 12:04:58 INFO  - HikariPool-1 - Added connection com.mysql.cj.jdbc.ConnectionImpl@4e6cbdf1
2023-12-04 12:04:58 INFO  - HikariPool-1 - Start completed.
2023-12-04 12:04:59 INFO  - HHH000489: No JTA platform available (set 'hibernate.transaction.jta.platform' to enable JTA platform integration)
2023-12-04 12:04:59 INFO  - Initialized JPA EntityManagerFactory for persistence unit 'default'
2023-12-04 12:05:00 WARN  - spring.jpa.open-in-view is enabled by default. Therefore, database queries may be performed during view rendering. Explicitly configure spring.jpa.open-in-view to disable this warning
2023-12-04 12:05:00 INFO  - Tomcat started on port 1808 (http) with context path ''
2023-12-04 12:05:00 INFO  - Started PharmacyInventorySystemApplication in 4.719 seconds (process running for 5.16)
2023-12-04 12:05:01 INFO  - Initializing Spring DispatcherServlet 'dispatcherServlet'
2023-12-04 12:05:01 INFO  - Initializing Servlet 'dispatcherServlet'
2023-12-04 12:05:01 INFO  - Completed initialization in 1 ms
2023-12-04 12:05:02 INFO  - Init duration for springdoc-openapi is: 226 ms
2023-12-04 12:09:46 INFO  - Reducing the stock of medicine
2023-12-04 12:09:46 ERROR - Stock should not be a negative value
2023-12-04 12:09:46 ERROR - Servlet.service() for servlet [dispatcherServlet] in context with path [] threw exception [Request processing failed: com.alpha.pharmacyinventorymanagementsystem.exception.NegativeStockException: Stock should not be a negative value] with root cause
com.alpha.pharmacyinventorymanagementsystem.exception.NegativeStockException: Stock should not be a negative value
	at com.alpha.pharmacyinventorymanagementsystem.service.MedicineService.reduceStock(MedicineService.java:90)
	at com.alpha.pharmacyinventorymanagementsystem.controller.MedicineController.reduceStock(MedicineController.java:78)
	at java.base/jdk.internal.reflect.NativeMethodAccessorImpl.invoke0(Native Method)
	at java.base/jdk.internal.reflect.NativeMethodAccessorImpl.invoke(NativeMethodAccessorImpl.java:77)
	at java.base/jdk.internal.reflect.DelegatingMethodAccessorImpl.invoke(DelegatingMethodAccessorImpl.java:43)
	at java.base/java.lang.reflect.Method.invoke(Method.java:568)
	at org.springframework.web.method.support.InvocableHandlerMethod.doInvoke(InvocableHandlerMethod.java:254)
	at org.springframework.web.method.support.InvocableHandlerMethod.invokeForRequest(InvocableHandlerMethod.java:182)
	at org.springframework.web.servlet.mvc.method.annotation.ServletInvocableHandlerMethod.invokeAndHandle(ServletInvocableHandlerMethod.java:118)
	at org.springframework.web.servlet.mvc.method.annotation.RequestMappingHandlerAdapter.invokeHandlerMethod(RequestMappingHandlerAdapter.java:917)
	at org.springframework.web.servlet.mvc.method.annotation.RequestMappingHandlerAdapter.handleInternal(RequestMappingHandlerAdapter.java:829)
	at org.springframework.web.servlet.mvc.method.AbstractHandlerMethodAdapter.handle(AbstractHandlerMethodAdapter.java:87)
	at org.springframework.web.servlet.DispatcherServlet.doDispatch(DispatcherServlet.java:1089)
	at org.springframework.web.servlet.DispatcherServlet.doService(DispatcherServlet.java:979)
	at org.springframework.web.servlet.FrameworkServlet.processRequest(FrameworkServlet.java:1014)
	at org.springframework.web.servlet.FrameworkServlet.doPost(FrameworkServlet.java:914)
	at jakarta.servlet.http.HttpServlet.service(HttpServlet.java:590)
	at org.springframework.web.servlet.FrameworkServlet.service(FrameworkServlet.java:885)
	at jakarta.servlet.http.HttpServlet.service(HttpServlet.java:658)
	at org.apache.catalina.core.ApplicationFilterChain.internalDoFilter(ApplicationFilterChain.java:205)
	at org.apache.catalina.core.ApplicationFilterChain.doFilter(ApplicationFilterChain.java:149)
	at org.apache.tomcat.websocket.server.WsFilter.doFilter(WsFilter.java:51)
	at org.apache.catalina.core.ApplicationFilterChain.internalDoFilter(ApplicationFilterChain.java:174)
	at org.apache.catalina.core.ApplicationFilterChain.doFilter(ApplicationFilterChain.java:149)
	at org.springframework.web.filter.RequestContextFilter.doFilterInternal(RequestContextFilter.java:100)
	at org.springframework.web.filter.OncePerRequestFilter.doFilter(OncePerRequestFilter.java:116)
	at org.apache.catalina.core.ApplicationFilterChain.internalDoFilter(ApplicationFilterChain.java:174)
	at org.apache.catalina.core.ApplicationFilterChain.doFilter(ApplicationFilterChain.java:149)
	at org.springframework.web.filter.FormContentFilter.doFilterInternal(FormContentFilter.java:93)
	at org.springframework.web.filter.OncePerRequestFilter.doFilter(OncePerRequestFilter.java:116)
	at org.apache.catalina.core.ApplicationFilterChain.internalDoFilter(ApplicationFilterChain.java:174)
	at org.apache.catalina.core.ApplicationFilterChain.doFilter(ApplicationFilterChain.java:149)
	at org.springframework.web.filter.CharacterEncodingFilter.doFilterInternal(CharacterEncodingFilter.java:201)
	at org.springframework.web.filter.OncePerRequestFilter.doFilter(OncePerRequestFilter.java:116)
	at org.apache.catalina.core.ApplicationFilterChain.internalDoFilter(ApplicationFilterChain.java:174)
	at org.apache.catalina.core.ApplicationFilterChain.doFilter(ApplicationFilterChain.java:149)
	at org.apache.catalina.core.StandardWrapperValve.invoke(StandardWrapperValve.java:167)
	at org.apache.catalina.core.StandardContextValve.invoke(StandardContextValve.java:90)
	at org.apache.catalina.authenticator.AuthenticatorBase.invoke(AuthenticatorBase.java:482)
	at org.apache.catalina.core.StandardHostValve.invoke(StandardHostValve.java:115)
	at org.apache.catalina.valves.ErrorReportValve.invoke(ErrorReportValve.java:93)
	at org.apache.catalina.core.StandardEngineValve.invoke(StandardEngineValve.java:74)
	at org.apache.catalina.connector.CoyoteAdapter.service(CoyoteAdapter.java:340)
	at org.apache.coyote.http11.Http11Processor.service(Http11Processor.java:391)
	at org.apache.coyote.AbstractProcessorLight.process(AbstractProcessorLight.java:63)
	at org.apache.coyote.AbstractProtocol$ConnectionHandler.process(AbstractProtocol.java:896)
	at org.apache.tomcat.util.net.NioEndpoint$SocketProcessor.doRun(NioEndpoint.java:1744)
	at org.apache.tomcat.util.net.SocketProcessorBase.run(SocketProcessorBase.java:52)
	at org.apache.tomcat.util.threads.ThreadPoolExecutor.runWorker(ThreadPoolExecutor.java:1191)
	at org.apache.tomcat.util.threads.ThreadPoolExecutor$Worker.run(ThreadPoolExecutor.java:659)
	at org.apache.tomcat.util.threads.TaskThread$WrappingRunnable.run(TaskThread.java:61)
	at java.base/java.lang.Thread.run(Thread.java:833)
2023-12-04 12:09:58 INFO  - Reducing the stock of medicine
2023-12-04 12:09:58 INFO  - Reducing Stock to cough medicine, was updated successfully. the updated stock is now 10.
2023-12-04 12:10:27 INFO  - Reducing the stock of medicine
2023-12-04 12:10:27 INFO  - Reducing Stock to cough medicine, was updated successfully. the updated stock is now 10.
2023-12-04 12:10:54 INFO  - Reducing the stock of medicine
2023-12-04 12:10:54 INFO  - Reducing Stock to cough medicine, was updated successfully. the updated stock is now 14.
2023-12-04 12:11:03 INFO  - Reducing the stock of medicine
2023-12-04 12:11:03 INFO  - Reducing Stock to cough medicine, was updated successfully. the updated stock is now 14.
2023-12-04 12:17:37 INFO  - Closing JPA EntityManagerFactory for persistence unit 'default'
2023-12-04 12:17:37 INFO  - HikariPool-1 - Shutdown initiated...
2023-12-04 12:17:37 INFO  - HikariPool-1 - Shutdown completed.
2023-12-04 12:17:44 INFO  - Starting PharmacyInventorySystemApplication using Java 17.0.1 with PID 13752 (C:\Users\261762\Desktop\PharmacyManagementSystem\PharmacyInventorySystem\target\classes started by 261762 in C:\Users\261762\Desktop\PharmacyManagementSystem\PharmacyInventorySystem)
2023-12-04 12:17:44 INFO  - No active profile set, falling back to 1 default profile: "default"
2023-12-04 12:17:45 INFO  - Bootstrapping Spring Data JPA repositories in DEFAULT mode.
2023-12-04 12:17:45 INFO  - Finished Spring Data repository scanning in 62 ms. Found 1 JPA repository interface.
2023-12-04 12:17:46 INFO  - Tomcat initialized with port 1808 (http)
2023-12-04 12:17:46 INFO  - An older version [1.2.39] of the Apache Tomcat Native library is installed, while Tomcat recommends a minimum version of [2.0.5]
2023-12-04 12:17:46 INFO  - Loaded Apache Tomcat Native library [1.2.39] using APR version [1.7.4].
2023-12-04 12:17:46 INFO  - OpenSSL successfully initialized [OpenSSL 3.0.11 19 Sep 2023]
2023-12-04 12:17:46 INFO  - Starting service [Tomcat]
2023-12-04 12:17:46 INFO  - Starting Servlet engine: [Apache Tomcat/10.1.16]
2023-12-04 12:17:46 INFO  - Initializing Spring embedded WebApplicationContext
2023-12-04 12:17:46 INFO  - Root WebApplicationContext: initialization completed in 1473 ms
2023-12-04 12:17:46 INFO  - HHH000204: Processing PersistenceUnitInfo [name: default]
2023-12-04 12:17:46 INFO  - HHH000412: Hibernate ORM core version 6.3.1.Final
2023-12-04 12:17:46 INFO  - HHH000026: Second-level cache disabled
2023-12-04 12:17:46 INFO  - No LoadTimeWeaver setup: ignoring JPA class transformer
2023-12-04 12:17:46 INFO  - HikariPool-1 - Starting...
2023-12-04 12:17:46 INFO  - HikariPool-1 - Added connection com.mysql.cj.jdbc.ConnectionImpl@5c8b10b4
2023-12-04 12:17:46 INFO  - HikariPool-1 - Start completed.
2023-12-04 12:17:47 INFO  - HHH000489: No JTA platform available (set 'hibernate.transaction.jta.platform' to enable JTA platform integration)
2023-12-04 12:17:47 INFO  - Initialized JPA EntityManagerFactory for persistence unit 'default'
2023-12-04 12:17:48 WARN  - spring.jpa.open-in-view is enabled by default. Therefore, database queries may be performed during view rendering. Explicitly configure spring.jpa.open-in-view to disable this warning
2023-12-04 12:17:49 INFO  - Tomcat started on port 1808 (http) with context path ''
2023-12-04 12:17:49 INFO  - Started PharmacyInventorySystemApplication in 4.75 seconds (process running for 5.135)
2023-12-04 12:17:49 INFO  - Initializing Spring DispatcherServlet 'dispatcherServlet'
2023-12-04 12:17:49 INFO  - Initializing Servlet 'dispatcherServlet'
2023-12-04 12:17:49 INFO  - Completed initialization in 1 ms
2023-12-04 12:17:50 INFO  - Init duration for springdoc-openapi is: 200 ms
2023-12-04 12:18:01 INFO  - Reducing the stock of medicine
2023-12-04 12:18:01 INFO  - Reducing Stock to cough medicine, was updated successfully. the updated stock is now 14.
2023-12-04 12:18:17 INFO  - Reducing the stock of medicine
2023-12-04 12:18:17 INFO  - Reducing Stock to cough medicine, was updated successfully. the updated stock is now 12.
